#
# There is insufficient memory for the Java Runtime Environment to continue.
# Native memory allocation (malloc) failed to allocate 32744 bytes for ChunkPool::allocate
# Possible reasons:
#   The system is out of physical RAM or swap space
#   In 32 bit mode, the process size limit was hit
# Possible solutions:
#   Reduce memory load on the system
#   Increase physical memory or swap space
#   Check if swap backing store is full
#   Use 64 bit Java on a 64 bit OS
#   Decrease Java heap size (-Xmx/-Xms)
#   Decrease number of Java threads
#   Decrease Java thread stack sizes (-Xss)
#   Set larger code cache with -XX:ReservedCodeCacheSize=
# This output file may be truncated or incomplete.
#
#  Out of Memory Error (allocation.cpp:273), pid=10432, tid=7700
#
# JRE version: Java(TM) SE Runtime Environment (8.0_40-b25) (build 1.8.0_40-b25)
# Java VM: Java HotSpot(TM) 64-Bit Server VM (25.40-b25 mixed mode windows-amd64 compressed oops)
# Failed to write core dump. Minidumps are not enabled by default on client versions of Windows
#

---------------  T H R E A D  ---------------

Current thread (0x0000000015055000):  JavaThread "C2 CompilerThread1" daemon [_thread_in_native, id=7700, stack(0x00000000166a0000,0x00000000167a0000)]

Stack: [0x00000000166a0000,0x00000000167a0000],  sp=0x0000000018ea5b30,  free space=40982k
Native frames: (J=compiled Java code, j=interpreted, Vv=VM code, C=native code)
V  [jvm.dll+0x32b47a]
V  [jvm.dll+0x2797f3]
V  [jvm.dll+0x27a489]
V  [jvm.dll+0x2717a5]
V  [jvm.dll+0xcb7c4]
V  [jvm.dll+0xcb9e7]
V  [jvm.dll+0xcbe6c]
V  [jvm.dll+0x5078ab]
V  [jvm.dll+0x45f6c6]
V  [jvm.dll+0x46a73b]
V  [jvm.dll+0x46cd52]
V  [jvm.dll+0x4500d2]
V  [jvm.dll+0xa4312]
V  [jvm.dll+0xa4c4f]
V  [jvm.dll+0x241914]
V  [jvm.dll+0x29848a]
C  [msvcr100.dll+0x21d9f]
C  [msvcr100.dll+0x21e3b]
C  [KERNEL32.DLL+0x14034]
C  [ntdll.dll+0x73691]


Current CompileTask:
C2:  43728 4384   !   4       java.net.URLClassLoader$1::run (63 bytes)


---------------  P R O C E S S  ---------------

Java Threads: ( => current thread )
  0x00000000168a7800 JavaThread "Okio Watchdog" daemon [_thread_blocked, id=4768, stack(0x000000001a880000,0x000000001a980000)]
  0x00000000180d4800 JavaThread "OkHttp ConnectionPool" daemon [_thread_blocked, id=7592, stack(0x000000001a780000,0x000000001a880000)]
  0x0000000017ad5800 JavaThread "OkHttp ConnectionPool" daemon [_thread_blocked, id=4380, stack(0x000000001a680000,0x000000001a780000)]
  0x00000000150ae800 JavaThread "Service Thread" daemon [_thread_blocked, id=10132, stack(0x0000000016ca0000,0x0000000016da0000)]
  0x0000000015078800 JavaThread "C1 CompilerThread2" daemon [_thread_blocked, id=8852, stack(0x00000000167a0000,0x00000000168a0000)]
=>0x0000000015055000 JavaThread "C2 CompilerThread1" daemon [_thread_in_native, id=7700, stack(0x00000000166a0000,0x00000000167a0000)]
  0x000000001504e800 JavaThread "C2 CompilerThread0" daemon [_thread_in_native, id=2368, stack(0x00000000165a0000,0x00000000166a0000)]
  0x000000001504c000 JavaThread "Attach Listener" daemon [_thread_blocked, id=13052, stack(0x00000000164a0000,0x00000000165a0000)]
  0x000000001504b000 JavaThread "Signal Dispatcher" daemon [_thread_blocked, id=9104, stack(0x00000000163a0000,0x00000000164a0000)]
  0x0000000002a27800 JavaThread "Finalizer" daemon [_thread_blocked, id=1552, stack(0x00000000162a0000,0x00000000163a0000)]
  0x0000000002a1d800 JavaThread "Reference Handler" daemon [_thread_blocked, id=3124, stack(0x00000000161a0000,0x00000000162a0000)]
  0x0000000000abe000 JavaThread "main" [_thread_in_native, id=5616, stack(0x0000000002830000,0x0000000002930000)]

Other Threads:
  0x0000000015018800 VMThread [stack: 0x00000000160a0000,0x00000000161a0000] [id=2128]
  0x00000000168d9800 WatcherThread [stack: 0x0000000016da0000,0x0000000016ea0000] [id=12008]

VM state:not at safepoint (normal execution)

VM Mutex/Monitor currently owned by a thread: None

Heap:
 PSYoungGen      total 141824K, used 62429K [0x00000000eb100000, 0x00000000f4e00000, 0x0000000100000000)
  eden space 125952K, 49% used [0x00000000eb100000,0x00000000eedf76e0,0x00000000f2c00000)
  from space 15872K, 0% used [0x00000000f2c00000,0x00000000f2c00000,0x00000000f3b80000)
  to   space 12800K, 0% used [0x00000000f3b80000,0x00000000f3b80000,0x00000000f4800000)
 ParOldGen       total 57344K, used 26133K [0x00000000c1200000, 0x00000000c4a00000, 0x00000000eb100000)
  object space 57344K, 45% used [0x00000000c1200000,0x00000000c2b855a8,0x00000000c4a00000)
 Metaspace       used 21786K, capacity 22234K, committed 22400K, reserved 1069056K
  class space    used 2477K, capacity 2621K, committed 2688K, reserved 1048576K

Card table byte_map: [0x0000000011df0000,0x0000000011ff0000] byte_map_base: 0x00000000117e7000

Marking Bits: (ParMarkBitMap*) 0x00000000718d4040
 Begin Bits: [0x0000000012540000, 0x00000000134f8000)
 End Bits:   [0x00000000134f8000, 0x00000000144b0000)

Polling page: 0x0000000000aa0000

CodeCache: size=245760Kb used=13002Kb max_used=13002Kb free=232757Kb
 bounds [0x0000000002a30000, 0x0000000003700000, 0x0000000011a30000]
 total_blobs=4246 nmethods=3844 adapters=315
 compilation: enabled

Compilation events (10 events):
Event: 43.531 Thread 0x0000000015078800 4417       3       org.eclipse.aether.resolution.VersionRangeResult::getRepository (14 bytes)
Event: 43.531 Thread 0x0000000015078800 nmethod 4417 0x00000000036ef090 code [0x00000000036ef200, 0x00000000036ef528]
Event: 43.531 Thread 0x0000000015078800 4416       3       org.eclipse.aether.util.graph.selector.ExclusionDependencySelector::matches (23 bytes)
Event: 43.532 Thread 0x0000000015078800 nmethod 4416 0x00000000036ef610 code [0x00000000036ef780, 0x00000000036efaf8]
Event: 43.566 Thread 0x0000000015078800 4418       3       org.apache.maven.model.merge.ModelMerger::mergeDistributionManagement (46 bytes)
Event: 43.567 Thread 0x0000000015078800 nmethod 4418 0x00000000036efbd0 code [0x00000000036efd80, 0x00000000036f02e8]
Event: 43.598 Thread 0x0000000015078800 4419       3       java.lang.Boolean::toString (15 bytes)
Event: 43.598 Thread 0x0000000015078800 nmethod 4419 0x00000000036f0450 code [0x00000000036f05c0, 0x00000000036f0790]
Event: 43.598 Thread 0x0000000015078800 4420   !   3       org.apache.maven.model.io.DefaultModelReader::read (58 bytes)
Event: 43.600 Thread 0x0000000015078800 nmethod 4420 0x00000000036f0810 code [0x00000000036f0a40, 0x00000000036f14b8]

GC Heap History (10 events):
Event: 3.804 GC heap before
{Heap before GC invocations=6 (full 0):
 PSYoungGen      total 35328K, used 35312K [0x00000000eb100000, 0x00000000f0100000, 0x0000000100000000)
  eden space 32768K, 100% used [0x00000000eb100000,0x00000000ed100000,0x00000000ed100000)
  from space 2560K, 99% used [0x00000000ed100000,0x00000000ed37c010,0x00000000ed380000)
  to   space 8192K, 0% used [0x00000000ef900000,0x00000000ef900000,0x00000000f0100000)
 ParOldGen       total 44032K, used 10422K [0x00000000c1200000, 0x00000000c3d00000, 0x00000000eb100000)
  object space 44032K, 23% used [0x00000000c1200000,0x00000000c1c2d8b8,0x00000000c3d00000)
 Metaspace       used 14627K, capacity 14820K, committed 14976K, reserved 1062912K
  class space    used 1777K, capacity 1876K, committed 1920K, reserved 1048576K
Event: 3.821 GC heap after
Heap after GC invocations=6 (full 0):
 PSYoungGen      total 72704K, used 7008K [0x00000000eb100000, 0x00000000f0300000, 0x0000000100000000)
  eden space 64512K, 0% used [0x00000000eb100000,0x00000000eb100000,0x00000000ef000000)
  from space 8192K, 85% used [0x00000000ef900000,0x00000000effd8020,0x00000000f0100000)
  to   space 9216K, 0% used [0x00000000ef000000,0x00000000ef000000,0x00000000ef900000)
 ParOldGen       total 44032K, used 10430K [0x00000000c1200000, 0x00000000c3d00000, 0x00000000eb100000)
  object space 44032K, 23% used [0x00000000c1200000,0x00000000c1c2f8b8,0x00000000c3d00000)
 Metaspace       used 14627K, capacity 14820K, committed 14976K, reserved 1062912K
  class space    used 1777K, capacity 1876K, committed 1920K, reserved 1048576K
}
Event: 5.810 GC heap before
{Heap before GC invocations=7 (full 0):
 PSYoungGen      total 72704K, used 71520K [0x00000000eb100000, 0x00000000f0300000, 0x0000000100000000)
  eden space 64512K, 100% used [0x00000000eb100000,0x00000000ef000000,0x00000000ef000000)
  from space 8192K, 85% used [0x00000000ef900000,0x00000000effd8020,0x00000000f0100000)
  to   space 9216K, 0% used [0x00000000ef000000,0x00000000ef000000,0x00000000ef900000)
 ParOldGen       total 44032K, used 10430K [0x00000000c1200000, 0x00000000c3d00000, 0x00000000eb100000)
  object space 44032K, 23% used [0x00000000c1200000,0x00000000c1c2f8b8,0x00000000c3d00000)
 Metaspace       used 15213K, capacity 15458K, committed 15744K, reserved 1062912K
  class space    used 1813K, capacity 1913K, committed 1920K, reserved 1048576K
Event: 5.842 GC heap after
Heap after GC invocations=7 (full 0):
 PSYoungGen      total 73728K, used 9184K [0x00000000eb100000, 0x00000000f4800000, 0x0000000100000000)
  eden space 64512K, 0% used [0x00000000eb100000,0x00000000eb100000,0x00000000ef000000)
  from space 9216K, 99% used [0x00000000ef000000,0x00000000ef8f8020,0x00000000ef900000)
  to   space 12800K, 0% used [0x00000000f3b80000,0x00000000f3b80000,0x00000000f4800000)
 ParOldGen       total 44032K, used 15067K [0x00000000c1200000, 0x00000000c3d00000, 0x00000000eb100000)
  object space 44032K, 34% used [0x00000000c1200000,0x00000000c20b6d90,0x00000000c3d00000)
 Metaspace       used 15213K, capacity 15458K, committed 15744K, reserved 1062912K
  class space    used 1813K, capacity 1913K, committed 1920K, reserved 1048576K
}
Event: 13.985 GC heap before
{Heap before GC invocations=8 (full 0):
 PSYoungGen      total 73728K, used 73644K [0x00000000eb100000, 0x00000000f4800000, 0x0000000100000000)
  eden space 64512K, 99% used [0x00000000eb100000,0x00000000eeff33c0,0x00000000ef000000)
  from space 9216K, 99% used [0x00000000ef000000,0x00000000ef8f8020,0x00000000ef900000)
  to   space 12800K, 0% used [0x00000000f3b80000,0x00000000f3b80000,0x00000000f4800000)
 ParOldGen       total 44032K, used 15067K [0x00000000c1200000, 0x00000000c3d00000, 0x00000000eb100000)
  object space 44032K, 34% used [0x00000000c1200000,0x00000000c20b6d90,0x00000000c3d00000)
 Metaspace       used 20482K, capacity 20846K, committed 20992K, reserved 1067008K
  class space    used 2379K, capacity 2525K, committed 2560K, reserved 1048576K
Event: 14.017 GC heap after
Heap after GC invocations=8 (full 0):
 PSYoungGen      total 138752K, used 12792K [0x00000000eb100000, 0x00000000f4e00000, 0x0000000100000000)
  eden space 125952K, 0% used [0x00000000eb100000,0x00000000eb100000,0x00000000f2c00000)
  from space 12800K, 99% used [0x00000000f3b80000,0x00000000f47fe0d0,0x00000000f4800000)
  to   space 15872K, 0% used [0x00000000f2c00000,0x00000000f2c00000,0x00000000f3b80000)
 ParOldGen       total 44032K, used 17491K [0x00000000c1200000, 0x00000000c3d00000, 0x00000000eb100000)
  object space 44032K, 39% used [0x00000000c1200000,0x00000000c2314e88,0x00000000c3d00000)
 Metaspace       used 20482K, capacity 20846K, committed 20992K, reserved 1067008K
  class space    used 2379K, capacity 2525K, committed 2560K, reserved 1048576K
}
Event: 25.671 GC heap before
{Heap before GC invocations=9 (full 0):
 PSYoungGen      total 138752K, used 128712K [0x00000000eb100000, 0x00000000f4e00000, 0x0000000100000000)
  eden space 125952K, 92% used [0x00000000eb100000,0x00000000f22342d8,0x00000000f2c00000)
  from space 12800K, 99% used [0x00000000f3b80000,0x00000000f47fe0d0,0x00000000f4800000)
  to   space 15872K, 0% used [0x00000000f2c00000,0x00000000f2c00000,0x00000000f3b80000)
 ParOldGen       total 44032K, used 17491K [0x00000000c1200000, 0x00000000c3d00000, 0x00000000eb100000)
  object space 44032K, 39% used [0x00000000c1200000,0x00000000c2314e88,0x00000000c3d00000)
 Metaspace       used 20826K, capacity 21114K, committed 21248K, reserved 1069056K
  class space    used 2391K, capacity 2527K, committed 2560K, reserved 1048576K
Event: 25.763 GC heap after
Heap after GC invocations=9 (full 0):
 PSYoungGen      total 141824K, used 14571K [0x00000000eb100000, 0x00000000f4e00000, 0x0000000100000000)
  eden space 125952K, 0% used [0x00000000eb100000,0x00000000eb100000,0x00000000f2c00000)
  from space 15872K, 91% used [0x00000000f2c00000,0x00000000f3a3adc0,0x00000000f3b80000)
  to   space 12800K, 0% used [0x00000000f3b80000,0x00000000f3b80000,0x00000000f4800000)
 ParOldGen       total 44032K, used 21571K [0x00000000c1200000, 0x00000000c3d00000, 0x00000000eb100000)
  object space 44032K, 48% used [0x00000000c1200000,0x00000000c2710eb8,0x00000000c3d00000)
 Metaspace       used 20826K, capacity 21114K, committed 21248K, reserved 1069056K
  class space    used 2391K, capacity 2527K, committed 2560K, reserved 1048576K
}
Event: 25.763 GC heap before
{Heap before GC invocations=10 (full 1):
 PSYoungGen      total 141824K, used 14571K [0x00000000eb100000, 0x00000000f4e00000, 0x0000000100000000)
  eden space 125952K, 0% used [0x00000000eb100000,0x00000000eb100000,0x00000000f2c00000)
  from space 15872K, 91% used [0x00000000f2c00000,0x00000000f3a3adc0,0x00000000f3b80000)
  to   space 12800K, 0% used [0x00000000f3b80000,0x00000000f3b80000,0x00000000f4800000)
 ParOldGen       total 44032K, used 21571K [0x00000000c1200000, 0x00000000c3d00000, 0x00000000eb100000)
  object space 44032K, 48% used [0x00000000c1200000,0x00000000c2710eb8,0x00000000c3d00000)
 Metaspace       used 20826K, capacity 21114K, committed 21248K, reserved 1069056K
  class space    used 2391K, capacity 2527K, committed 2560K, reserved 1048576K
Event: 26.103 GC heap after
Heap after GC invocations=10 (full 1):
 PSYoungGen      total 141824K, used 0K [0x00000000eb100000, 0x00000000f4e00000, 0x0000000100000000)
  eden space 125952K, 0% used [0x00000000eb100000,0x00000000eb100000,0x00000000f2c00000)
  from space 15872K, 0% used [0x00000000f2c00000,0x00000000f2c00000,0x00000000f3b80000)
  to   space 12800K, 0% used [0x00000000f3b80000,0x00000000f3b80000,0x00000000f4800000)
 ParOldGen       total 57344K, used 26133K [0x00000000c1200000, 0x00000000c4a00000, 0x00000000eb100000)
  object space 57344K, 45% used [0x00000000c1200000,0x00000000c2b855a8,0x00000000c4a00000)
 Metaspace       used 20813K, capacity 21090K, committed 21248K, reserved 1069056K
  class space    used 2386K, capacity 2517K, committed 2560K, reserved 1048576K
}

Deoptimization events (10 events):
Event: 39.908 Thread 0x0000000000abe000 Uncommon trap: reason=unstable_if action=reinterpret pc=0x000000000355fbd0 method=org.apache.maven.model.merge.ModelMerger.mergePlugin_Dependencies(Lorg/apache/maven/model/Plugin;Lorg/apache/maven/model/Plugin;ZLjava/util/Map;)V @ 64
Event: 40.037 Thread 0x0000000000abe000 Uncommon trap: reason=unstable_if action=reinterpret pc=0x000000000328bdfc method=org.codehaus.plexus.util.StringUtils.isNotEmpty(Ljava/lang/String;)Z @ 8
Event: 40.038 Thread 0x0000000000abe000 Uncommon trap: reason=class_check action=maybe_recompile pc=0x000000000331e804 method=org.eclipse.sisu.wire.EntryListAdapter$ValueIterator.hasNext()Z @ 4
Event: 42.786 Thread 0x0000000000abe000 Uncommon trap: reason=unstable_if action=reinterpret pc=0x0000000002d58694 method=java.io.Reader.read()I @ 12
Event: 42.791 Thread 0x0000000000abe000 Uncommon trap: reason=unstable_if action=reinterpret pc=0x0000000002d55b00 method=java.io.Reader.read()I @ 12
Event: 42.849 Thread 0x0000000000abe000 Uncommon trap: reason=class_check action=maybe_recompile pc=0x0000000002ec5e40 method=com.google.inject.internal.InjectorImpl.callInContext(Lcom/google/inject/internal/ContextualCallable;)Ljava/lang/Object; @ 75
Event: 42.849 Thread 0x0000000000abe000 Uncommon trap: reason=class_check action=maybe_recompile pc=0x0000000002ec5e40 method=com.google.inject.internal.InjectorImpl.callInContext(Lcom/google/inject/internal/ContextualCallable;)Ljava/lang/Object; @ 75
Event: 42.849 Thread 0x0000000000abe000 Uncommon trap: reason=class_check action=maybe_recompile pc=0x0000000002ec5e40 method=com.google.inject.internal.InjectorImpl.callInContext(Lcom/google/inject/internal/ContextualCallable;)Ljava/lang/Object; @ 75
Event: 42.849 Thread 0x0000000000abe000 Uncommon trap: reason=class_check action=maybe_recompile pc=0x0000000002ec5e40 method=com.google.inject.internal.InjectorImpl.callInContext(Lcom/google/inject/internal/ContextualCallable;)Ljava/lang/Object; @ 75
Event: 42.851 Thread 0x0000000000abe000 Uncommon trap: reason=null_check action=make_not_entrant pc=0x00000000033d0354 method=org.eclipse.sisu.plexus.ClassRealmManager.visibleRealmNames(Lorg/codehaus/plexus/classworlds/realm/ClassRealm;)Ljava/util/Set; @ 19

Internal exceptions (10 events):
Event: 6.384 Thread 0x0000000017eec800 Exception <a 'java/lang/NullPointerException'> (0x00000000ebb1a050) thrown at [D:\re\workspace\8-2-build-windows-amd64-cygwin\jdk8u40\2855\hotspot\src\share\vm\interpreter\linkResolver.cpp, line 1178]
Event: 6.384 Thread 0x0000000017eec800 Exception <a 'java/lang/NullPointerException'> (0x00000000ebb1a210) thrown at [D:\re\workspace\8-2-build-windows-amd64-cygwin\jdk8u40\2855\hotspot\src\share\vm\interpreter\linkResolver.cpp, line 1178]
Event: 6.384 Thread 0x0000000017ebf800 Exception <a 'java/lang/NullPointerException'> (0x00000000eb630cd0) thrown at [D:\re\workspace\8-2-build-windows-amd64-cygwin\jdk8u40\2855\hotspot\src\share\vm\interpreter\linkResolver.cpp, line 1178]
Event: 6.384 Thread 0x0000000017eec800 Exception <a 'java/lang/NullPointerException'> (0x00000000ebb1a3d0) thrown at [D:\re\workspace\8-2-build-windows-amd64-cygwin\jdk8u40\2855\hotspot\src\share\vm\interpreter\linkResolver.cpp, line 1178]
Event: 6.384 Thread 0x0000000017ebf800 Exception <a 'java/lang/NullPointerException'> (0x00000000eb630e90) thrown at [D:\re\workspace\8-2-build-windows-amd64-cygwin\jdk8u40\2855\hotspot\src\share\vm\interpreter\linkResolver.cpp, line 1178]
Event: 6.384 Thread 0x0000000017ebf800 Exception <a 'java/lang/NullPointerException'> (0x00000000eb631050) thrown at [D:\re\workspace\8-2-build-windows-amd64-cygwin\jdk8u40\2855\hotspot\src\share\vm\interpreter\linkResolver.cpp, line 1178]
Event: 6.618 Thread 0x0000000017eec800 Implicit null exception at 0x0000000002fcec6b to 0x0000000002fd104d
Event: 6.922 Thread 0x0000000017eec800 Exception <a 'java/lang/NoSuchFieldError': method resolution failed> (0x00000000ec9677d0) thrown at [D:\re\workspace\8-2-build-windows-amd64-cygwin\jdk8u40\2855\hotspot\src\share\vm\prims\methodHandles.cpp, line 1125]
Event: 6.925 Thread 0x0000000017eec800 Exception <a 'java/lang/NoSuchFieldError': method resolution failed> (0x00000000ec976420) thrown at [D:\re\workspace\8-2-build-windows-amd64-cygwin\jdk8u40\2855\hotspot\src\share\vm\prims\methodHandles.cpp, line 1125]
Event: 42.851 Thread 0x0000000000abe000 Implicit null exception at 0x00000000033cfc1e to 0x00000000033d0345

Events (10 events):
Event: 42.922 loading class org/apache/maven/plugin/logging/Log
Event: 42.922 loading class org/apache/maven/plugin/logging/Log done
Event: 42.922 loading class org/apache/maven/plugin/logging/Log
Event: 42.922 loading class org/apache/maven/plugin/logging/Log done
Event: 42.923 loading class org/apache/maven/artifact/resolver/filter/CumulativeScopeArtifactFilter
Event: 42.923 loading class org/apache/maven/artifact/resolver/filter/CumulativeScopeArtifactFilter done
Event: 42.924 loading class org/apache/maven/artifact/resolver/filter/AbstractScopeArtifactFilter
Event: 42.924 loading class org/apache/maven/artifact/resolver/filter/AbstractScopeArtifactFilter done
Event: 43.529 Thread 0x0000000000abe000 DEOPT PACKING pc=0x00000000033269e7 sp=0x000000000292c040
Event: 43.529 Thread 0x0000000000abe000 DEOPT UNPACKING pc=0x0000000002a7747f sp=0x000000000292bd98 mode 0


Dynamic libraries:
0x00007ff77b450000 - 0x00007ff77b487000 	C:\Program Files\Java\jdk1.8.0_40\bin\javaw.exe
0x00007ff825f30000 - 0x00007ff826111000 	C:\WINDOWS\SYSTEM32\ntdll.dll
0x00007ff8234b0000 - 0x00007ff823561000 	C:\WINDOWS\System32\KERNEL32.DLL
0x00007ff822580000 - 0x00007ff8227f3000 	C:\WINDOWS\System32\KERNELBASE.dll
0x00007ff825e50000 - 0x00007ff825ef1000 	C:\WINDOWS\System32\ADVAPI32.dll
0x00007ff825440000 - 0x00007ff8254de000 	C:\WINDOWS\System32\msvcrt.dll
0x00007ff825260000 - 0x00007ff8252bb000 	C:\WINDOWS\System32\sechost.dll
0x00007ff825540000 - 0x00007ff825664000 	C:\WINDOWS\System32\RPCRT4.dll
0x00007ff824c60000 - 0x00007ff824df0000 	C:\WINDOWS\System32\USER32.dll
0x00007ff822c40000 - 0x00007ff822c60000 	C:\WINDOWS\System32\win32u.dll
0x00007ff825130000 - 0x00007ff825158000 	C:\WINDOWS\System32\GDI32.dll
0x00007ff8228b0000 - 0x00007ff822a42000 	C:\WINDOWS\System32\gdi32full.dll
0x00007ff822380000 - 0x00007ff82241f000 	C:\WINDOWS\System32\msvcp_win.dll
0x00007ff822420000 - 0x00007ff822518000 	C:\WINDOWS\System32\ucrtbase.dll
0x00007ff8155b0000 - 0x00007ff815819000 	C:\WINDOWS\WinSxS\amd64_microsoft.windows.common-controls_6595b64144ccf1df_6.0.17134.706_none_fb43a2cb30647007\COMCTL32.dll
0x00007ff824e00000 - 0x00007ff825122000 	C:\WINDOWS\System32\combase.dll
0x00007ff822300000 - 0x00007ff82237a000 	C:\WINDOWS\System32\bcryptPrimitives.dll
0x00007ff825160000 - 0x00007ff82518d000 	C:\WINDOWS\System32\IMM32.DLL
0x0000000071ed0000 - 0x0000000071fa2000 	C:\Program Files\Java\jdk1.8.0_40\jre\bin\msvcr100.dll
0x00000000710d0000 - 0x0000000071953000 	C:\Program Files\Java\jdk1.8.0_40\jre\bin\server\jvm.dll
0x00007ff8234a0000 - 0x00007ff8234a8000 	C:\WINDOWS\System32\PSAPI.DLL
0x00007ff81f680000 - 0x00007ff81f6a3000 	C:\WINDOWS\SYSTEM32\WINMM.dll
0x00007ff820550000 - 0x00007ff820559000 	C:\WINDOWS\SYSTEM32\WSOCK32.dll
0x00007ff823700000 - 0x00007ff82376c000 	C:\WINDOWS\System32\WS2_32.dll
0x00007ff815ed0000 - 0x00007ff815eda000 	C:\WINDOWS\SYSTEM32\VERSION.dll
0x00007ff81f650000 - 0x00007ff81f67a000 	C:\WINDOWS\SYSTEM32\winmmbase.dll
0x00007ff822c60000 - 0x00007ff822ca9000 	C:\WINDOWS\System32\cfgmgr32.dll
0x0000000070fe0000 - 0x0000000070fef000 	C:\Program Files\Java\jdk1.8.0_40\jre\bin\verify.dll
0x0000000070fb0000 - 0x0000000070fd9000 	C:\Program Files\Java\jdk1.8.0_40\jre\bin\java.dll
0x0000000070f60000 - 0x0000000070f76000 	C:\Program Files\Java\jdk1.8.0_40\jre\bin\zip.dll
0x00007ff823770000 - 0x00007ff824bb0000 	C:\WINDOWS\System32\SHELL32.dll
0x00007ff824bb0000 - 0x00007ff824c59000 	C:\WINDOWS\System32\shcore.dll
0x00007ff822cb0000 - 0x00007ff8233bd000 	C:\WINDOWS\System32\windows.storage.dll
0x00007ff8233e0000 - 0x00007ff823431000 	C:\WINDOWS\System32\shlwapi.dll
0x00007ff8222e0000 - 0x00007ff8222f1000 	C:\WINDOWS\System32\kernel.appcore.dll
0x00007ff8222c0000 - 0x00007ff8222df000 	C:\WINDOWS\System32\profapi.dll
0x00007ff822270000 - 0x00007ff8222bc000 	C:\WINDOWS\System32\powrprof.dll
0x00007ff822260000 - 0x00007ff82226a000 	C:\WINDOWS\System32\FLTLIB.DLL
0x0000000072010000 - 0x000000007202a000 	C:\Program Files\Java\jdk1.8.0_40\jre\bin\net.dll
0x00007ff821a60000 - 0x00007ff821ac6000 	C:\WINDOWS\system32\mswsock.dll
0x0000000071ff0000 - 0x0000000072001000 	C:\Program Files\Java\jdk1.8.0_40\jre\bin\nio.dll
0x0000000071fc0000 - 0x0000000071fe4000 	C:\Program Files\Java\jdk1.8.0_40\jre\bin\sunec.dll
0x00007ff821c10000 - 0x00007ff821c27000 	C:\WINDOWS\SYSTEM32\CRYPTSP.dll
0x00007ff821640000 - 0x00007ff821673000 	C:\WINDOWS\system32\rsaenh.dll
0x00007ff821d40000 - 0x00007ff821d65000 	C:\WINDOWS\SYSTEM32\bcrypt.dll
0x00007ff822140000 - 0x00007ff822168000 	C:\WINDOWS\SYSTEM32\USERENV.dll
0x00007ff821c30000 - 0x00007ff821c3b000 	C:\WINDOWS\SYSTEM32\CRYPTBASE.dll
0x00007ff8217e0000 - 0x00007ff821818000 	C:\WINDOWS\SYSTEM32\IPHLPAPI.DLL
0x00007ff8259f0000 - 0x00007ff8259f8000 	C:\WINDOWS\System32\NSI.dll
0x00007ff817200000 - 0x00007ff817216000 	C:\WINDOWS\SYSTEM32\dhcpcsvc6.DLL
0x00007ff8179c0000 - 0x00007ff8179da000 	C:\WINDOWS\SYSTEM32\dhcpcsvc.DLL
0x00007ff821820000 - 0x00007ff8218de000 	C:\WINDOWS\SYSTEM32\DNSAPI.dll
0x00007ff814d00000 - 0x00007ff814d0a000 	C:\Windows\System32\rasadhlp.dll
0x00007ff815d80000 - 0x00007ff815df2000 	C:\WINDOWS\System32\fwpuclnt.dll
0x00007ff813370000 - 0x00007ff813386000 	C:\WINDOWS\system32\napinsp.dll
0x00007ff808f80000 - 0x00007ff808f9a000 	C:\WINDOWS\system32\pnrpnsp.dll
0x00007ff81d640000 - 0x00007ff81d659000 	C:\WINDOWS\system32\NLAapi.dll
0x00007ff813500000 - 0x00007ff81350e000 	C:\WINDOWS\System32\winrnr.dll
0x00007ff820330000 - 0x00007ff8204f9000 	C:\WINDOWS\SYSTEM32\dbghelp.dll

VM Arguments:
jvm_args: -Dmaven.home=EMBEDDED -Dclassworlds.conf=H:\Prep\.metadata\.plugins\org.eclipse.m2e.launching\launches\m2conf2581734536813091395.tmp -Dmaven.multiModuleProjectDirectory=H:\Prep\limits-services -Dfile.encoding=Cp1252 
java_command: org.codehaus.plexus.classworlds.launcher.Launcher -B install
java_class_path (initial): H:\eclipse\plugins\org.eclipse.m2e.maven.runtime_1.8.3.20180227-2135\jars\plexus-classworlds-2.5.2.jar
Launcher Type: SUN_STANDARD

Environment Variables:
JAVA_HOME=C:\Program Files\Java\jdk1.8.0_40
JRE_HOME=C:\Program Files\Java\jre1.8.0_40
PATH=C:/Program Files/Java/jdk1.8.0_40/bin/../jre/bin/server;C:/Program Files/Java/jdk1.8.0_40/bin/../jre/bin;C:/Program Files/Java/jdk1.8.0_40/bin/../jre/lib/amd64;C:\Program Files\apache-maven-3.5.0\bin;C:\Program Files (x86)\Skype\Phone\;C:\Program Files\Java\jdk1.8.0_40\bin;C:\Program Files\Java\jre1.8.0_40\bin;C:\Program Files\Git\cmd;C:\Program Files (x86)\Brackets\command;C:\WINDOWS\system32;C:\WINDOWS;C:\WINDOWS\System32\Wbem;C:\WINDOWS\System32\WindowsPowerShell\v1.0\;C:\Program Files\nodejs\;;C:\WINDOWS\System32\OpenSSH\;C:\Program Files\Microsoft SQL Server\Client SDK\ODBC\130\Tools\Binn\;C:\Program Files (x86)\Microsoft SQL Server\140\Tools\Binn\;C:\Program Files\Microsoft SQL Server\140\Tools\Binn\;C:\Program Files\Microsoft SQL Server\140\DTS\Binn\;C:\Program Files (x86)\Microsoft SQL Server\Client SDK\ODBC\130\Tools\Binn\;C:\Program Files (x86)\Microsoft SQL Server\140\DTS\Binn\;C:\Program Files (x86)\Microsoft SQL Server\140\Tools\Binn\ManagementStudio\;C:\Program Files\Java\jdk1.8.0_40;C:\Users\welcome\AppData\Local\Microsoft\WindowsApps;C:\Users\welcome\AppData\Roaming\npm;;H:\eclipse;
USERNAME=SreekanthReddy
OS=Windows_NT
PROCESSOR_IDENTIFIER=Intel64 Family 6 Model 61 Stepping 4, GenuineIntel



---------------  S Y S T E M  ---------------

OS: Windows 10.0 , 64 bit Build 17134 (10.0.17134.706)

CPU:total 4 (2 cores per cpu, 2 threads per core) family 6 model 61 stepping 4, cmov, cx8, fxsr, mmx, sse, sse2, sse3, ssse3, sse4.1, sse4.2, popcnt, clmul, erms, 3dnowpref, lzcnt, ht, tsc, tscinvbit

Memory: 4k page, physical 4113068k(648616k free), swap 6161068k(2008k free)

vm_info: Java HotSpot(TM) 64-Bit Server VM (25.40-b25) for windows-amd64 JRE (1.8.0_40-b25), built on Feb 10 2015 21:53:57 by "java_re" with MS VC++ 10.0 (VS2010)

time: Thu Apr 18 12:15:48 2019
elapsed time: 43 seconds (0d 0h 0m 43s)

