#
# There is insufficient memory for the Java Runtime Environment to continue.
# Native memory allocation (malloc) failed to allocate 1549296 bytes for Chunk::new
# Possible reasons:
#   The system is out of physical RAM or swap space
#   In 32 bit mode, the process size limit was hit
# Possible solutions:
#   Reduce memory load on the system
#   Increase physical memory or swap space
#   Check if swap backing store is full
#   Use 64 bit Java on a 64 bit OS
#   Decrease Java heap size (-Xmx/-Xms)
#   Decrease number of Java threads
#   Decrease Java thread stack sizes (-Xss)
#   Set larger code cache with -XX:ReservedCodeCacheSize=
# This output file may be truncated or incomplete.
#
#  Out of Memory Error (allocation.cpp:390), pid=2172, tid=4004
#
# JRE version: Java(TM) SE Runtime Environment (8.0_40-b25) (build 1.8.0_40-b25)
# Java VM: Java HotSpot(TM) 64-Bit Server VM (25.40-b25 mixed mode windows-amd64 compressed oops)
# Failed to write core dump. Minidumps are not enabled by default on client versions of Windows
#

---------------  T H R E A D  ---------------

Current thread (0x00000000155be800):  JavaThread "C2 CompilerThread0" daemon [_thread_in_native, id=4004, stack(0x0000000016b20000,0x0000000016c20000)]

Stack: [0x0000000016b20000,0x0000000016c20000]
Native frames: (J=compiled Java code, j=interpreted, Vv=VM code, C=native code)
V  [jvm.dll+0x32b47a]
V  [jvm.dll+0x2797f3]
V  [jvm.dll+0x27a489]
V  [jvm.dll+0x2717a5]
V  [jvm.dll+0xcb9a2]
V  [jvm.dll+0xcbe6c]
V  [jvm.dll+0x476ea2]
V  [jvm.dll+0x4b950f]
V  [jvm.dll+0x46bf81]
V  [jvm.dll+0x46ccbe]
V  [jvm.dll+0x4500d2]
V  [jvm.dll+0xa4312]
V  [jvm.dll+0xa4c4f]
V  [jvm.dll+0x241914]
V  [jvm.dll+0x29848a]
C  [msvcr100.dll+0x21d9f]
C  [msvcr100.dll+0x21e3b]
C  [KERNEL32.DLL+0x14034]
C  [ntdll.dll+0x73691]


Current CompileTask:
C2:   5504 2130   !   4       org.codehaus.plexus.interpolation.StringSearchInterpolator::interpolate (655 bytes)


---------------  P R O C E S S  ---------------

Java Threads: ( => current thread )
  0x0000000016e50800 JavaThread "Service Thread" daemon [_thread_blocked, id=12920, stack(0x0000000017220000,0x0000000017320000)]
  0x00000000155c7800 JavaThread "C1 CompilerThread2" daemon [_thread_blocked, id=7236, stack(0x0000000016d20000,0x0000000016e20000)]
  0x00000000155c1000 JavaThread "C2 CompilerThread1" daemon [_thread_in_native, id=6848, stack(0x0000000016c20000,0x0000000016d20000)]
=>0x00000000155be800 JavaThread "C2 CompilerThread0" daemon [_thread_in_native, id=4004, stack(0x0000000016b20000,0x0000000016c20000)]
  0x00000000155bc000 JavaThread "Attach Listener" daemon [_thread_blocked, id=6640, stack(0x0000000016a20000,0x0000000016b20000)]
  0x00000000155bb000 JavaThread "Signal Dispatcher" daemon [_thread_blocked, id=10292, stack(0x0000000016920000,0x0000000016a20000)]
  0x0000000002f76800 JavaThread "Finalizer" daemon [_thread_blocked, id=1260, stack(0x0000000016820000,0x0000000016920000)]
  0x0000000002f6d800 JavaThread "Reference Handler" daemon [_thread_blocked, id=656, stack(0x0000000016720000,0x0000000016820000)]
  0x0000000002d4e000 JavaThread "main" [_thread_in_Java, id=13032, stack(0x0000000002d80000,0x0000000002e80000)]

Other Threads:
  0x0000000015588800 VMThread [stack: 0x0000000016620000,0x0000000016720000] [id=8308]
  0x0000000016e52800 WatcherThread [stack: 0x0000000017320000,0x0000000017420000] [id=11260]

VM state:not at safepoint (normal execution)

VM Mutex/Monitor currently owned by a thread: None

Heap:
 PSYoungGen      total 35328K, used 32203K [0x00000000eb100000, 0x00000000ed600000, 0x0000000100000000)
  eden space 32768K, 90% used [0x00000000eb100000,0x00000000ecdf6ec8,0x00000000ed100000)
  from space 2560K, 99% used [0x00000000ed100000,0x00000000ed37c010,0x00000000ed380000)
  to   space 2560K, 0% used [0x00000000ed380000,0x00000000ed380000,0x00000000ed600000)
 ParOldGen       total 44032K, used 10530K [0x00000000c1200000, 0x00000000c3d00000, 0x00000000eb100000)
  object space 44032K, 23% used [0x00000000c1200000,0x00000000c1c48890,0x00000000c3d00000)
 Metaspace       used 14637K, capacity 14816K, committed 14976K, reserved 1062912K
  class space    used 1777K, capacity 1876K, committed 1920K, reserved 1048576K

Card table byte_map: [0x0000000012340000,0x0000000012540000] byte_map_base: 0x0000000011d37000

Marking Bits: (ParMarkBitMap*) 0x00000000718d4040
 Begin Bits: [0x0000000012a90000, 0x0000000013a48000)
 End Bits:   [0x0000000013a48000, 0x0000000014a00000)

Polling page: 0x0000000002d20000

CodeCache: size=245760Kb used=7909Kb max_used=7909Kb free=237850Kb
 bounds [0x0000000002f80000, 0x0000000003740000, 0x0000000011f80000]
 total_blobs=2654 nmethods=2319 adapters=247
 compilation: disabled (not enough contiguous free space left)

Compilation events (10 events):
Event: 5.429 Thread 0x00000000155c7800 nmethod 2312 0x0000000003721b90 code [0x0000000003721d20, 0x0000000003722190]
Event: 5.429 Thread 0x00000000155c7800 2308       3       org.apache.maven.artifact.versioning.DefaultArtifactVersion::toString (8 bytes)
Event: 5.429 Thread 0x00000000155c7800 nmethod 2308 0x00000000037225d0 code [0x0000000003722720, 0x0000000003722890]
Event: 5.429 Thread 0x00000000155c7800 2309       3       org.apache.maven.artifact.DefaultArtifact::validateIdentity (144 bytes)
Event: 5.431 Thread 0x00000000155c7800 nmethod 2309 0x0000000003722950 code [0x0000000003722b60, 0x00000000037234c8]
Event: 5.431 Thread 0x00000000155c7800 2310       3       org.apache.maven.artifact.DefaultArtifact::empty (21 bytes)
Event: 5.431 Thread 0x00000000155c7800 nmethod 2310 0x0000000003723850 code [0x00000000037239c0, 0x0000000003723d48]
Event: 5.431 Thread 0x00000000155c7800 2317       3       java.util.regex.Pattern::sequence (553 bytes)
Event: 5.440 Thread 0x00000000155c7800 nmethod 2317 0x0000000003723e90 code [0x00000000037243c0, 0x00000000037271e8]
Event: 5.440 Thread 0x00000000155c7800 2319       3       java.util.regex.Pattern::compile (406 bytes)

GC Heap History (10 events):
Event: 0.948 GC heap before
{Heap before GC invocations=1 (full 0):
 PSYoungGen      total 18944K, used 16384K [0x00000000eb100000, 0x00000000ec600000, 0x0000000100000000)
  eden space 16384K, 100% used [0x00000000eb100000,0x00000000ec100000,0x00000000ec100000)
  from space 2560K, 0% used [0x00000000ec380000,0x00000000ec380000,0x00000000ec600000)
  to   space 2560K, 0% used [0x00000000ec100000,0x00000000ec100000,0x00000000ec380000)
 ParOldGen       total 44032K, used 0K [0x00000000c1200000, 0x00000000c3d00000, 0x00000000eb100000)
  object space 44032K, 0% used [0x00000000c1200000,0x00000000c1200000,0x00000000c3d00000)
 Metaspace       used 6649K, capacity 6764K, committed 7040K, reserved 1056768K
  class space    used 787K, capacity 856K, committed 896K, reserved 1048576K
Event: 0.955 GC heap after
Heap after GC invocations=1 (full 0):
 PSYoungGen      total 18944K, used 2549K [0x00000000eb100000, 0x00000000ec600000, 0x0000000100000000)
  eden space 16384K, 0% used [0x00000000eb100000,0x00000000eb100000,0x00000000ec100000)
  from space 2560K, 99% used [0x00000000ec100000,0x00000000ec37d5e0,0x00000000ec380000)
  to   space 2560K, 0% used [0x00000000ec380000,0x00000000ec380000,0x00000000ec600000)
 ParOldGen       total 44032K, used 747K [0x00000000c1200000, 0x00000000c3d00000, 0x00000000eb100000)
  object space 44032K, 1% used [0x00000000c1200000,0x00000000c12baf08,0x00000000c3d00000)
 Metaspace       used 6649K, capacity 6764K, committed 7040K, reserved 1056768K
  class space    used 787K, capacity 856K, committed 896K, reserved 1048576K
}
Event: 1.495 GC heap before
{Heap before GC invocations=2 (full 0):
 PSYoungGen      total 18944K, used 18933K [0x00000000eb100000, 0x00000000ec600000, 0x0000000100000000)
  eden space 16384K, 100% used [0x00000000eb100000,0x00000000ec100000,0x00000000ec100000)
  from space 2560K, 99% used [0x00000000ec100000,0x00000000ec37d5e0,0x00000000ec380000)
  to   space 2560K, 0% used [0x00000000ec380000,0x00000000ec380000,0x00000000ec600000)
 ParOldGen       total 44032K, used 747K [0x00000000c1200000, 0x00000000c3d00000, 0x00000000eb100000)
  object space 44032K, 1% used [0x00000000c1200000,0x00000000c12baf08,0x00000000c3d00000)
 Metaspace       used 7887K, capacity 8052K, committed 8320K, reserved 1056768K
  class space    used 982K, capacity 1048K, committed 1152K, reserved 1048576K
Event: 1.501 GC heap after
Heap after GC invocations=2 (full 0):
 PSYoungGen      total 18944K, used 2542K [0x00000000eb100000, 0x00000000ec600000, 0x0000000100000000)
  eden space 16384K, 0% used [0x00000000eb100000,0x00000000eb100000,0x00000000ec100000)
  from space 2560K, 99% used [0x00000000ec380000,0x00000000ec5fbb80,0x00000000ec600000)
  to   space 2560K, 0% used [0x00000000ec100000,0x00000000ec100000,0x00000000ec380000)
 ParOldGen       total 44032K, used 902K [0x00000000c1200000, 0x00000000c3d00000, 0x00000000eb100000)
  object space 44032K, 2% used [0x00000000c1200000,0x00000000c12e1880,0x00000000c3d00000)
 Metaspace       used 7887K, capacity 8052K, committed 8320K, reserved 1056768K
  class space    used 982K, capacity 1048K, committed 1152K, reserved 1048576K
}
Event: 1.931 GC heap before
{Heap before GC invocations=3 (full 0):
 PSYoungGen      total 18944K, used 18926K [0x00000000eb100000, 0x00000000ec600000, 0x0000000100000000)
  eden space 16384K, 100% used [0x00000000eb100000,0x00000000ec100000,0x00000000ec100000)
  from space 2560K, 99% used [0x00000000ec380000,0x00000000ec5fbb80,0x00000000ec600000)
  to   space 2560K, 0% used [0x00000000ec100000,0x00000000ec100000,0x00000000ec380000)
 ParOldGen       total 44032K, used 902K [0x00000000c1200000, 0x00000000c3d00000, 0x00000000eb100000)
  object space 44032K, 2% used [0x00000000c1200000,0x00000000c12e1880,0x00000000c3d00000)
 Metaspace       used 9937K, capacity 10070K, committed 10368K, reserved 1058816K
  class space    used 1236K, capacity 1315K, committed 1408K, reserved 1048576K
Event: 1.938 GC heap after
Heap after GC invocations=3 (full 0):
 PSYoungGen      total 18944K, used 2560K [0x00000000eb100000, 0x00000000ed600000, 0x0000000100000000)
  eden space 16384K, 0% used [0x00000000eb100000,0x00000000eb100000,0x00000000ec100000)
  from space 2560K, 100% used [0x00000000ec100000,0x00000000ec380000,0x00000000ec380000)
  to   space 2560K, 0% used [0x00000000ed380000,0x00000000ed380000,0x00000000ed600000)
 ParOldGen       total 44032K, used 2915K [0x00000000c1200000, 0x00000000c3d00000, 0x00000000eb100000)
  object space 44032K, 6% used [0x00000000c1200000,0x00000000c14d8fd8,0x00000000c3d00000)
 Metaspace       used 9937K, capacity 10070K, committed 10368K, reserved 1058816K
  class space    used 1236K, capacity 1315K, committed 1408K, reserved 1048576K
}
Event: 2.464 GC heap before
{Heap before GC invocations=4 (full 0):
 PSYoungGen      total 18944K, used 18944K [0x00000000eb100000, 0x00000000ed600000, 0x0000000100000000)
  eden space 16384K, 100% used [0x00000000eb100000,0x00000000ec100000,0x00000000ec100000)
  from space 2560K, 100% used [0x00000000ec100000,0x00000000ec380000,0x00000000ec380000)
  to   space 2560K, 0% used [0x00000000ed380000,0x00000000ed380000,0x00000000ed600000)
 ParOldGen       total 44032K, used 2915K [0x00000000c1200000, 0x00000000c3d00000, 0x00000000eb100000)
  object space 44032K, 6% used [0x00000000c1200000,0x00000000c14d8fd8,0x00000000c3d00000)
 Metaspace       used 12081K, capacity 12230K, committed 12416K, reserved 1060864K
  class space    used 1539K, capacity 1605K, committed 1664K, reserved 1048576K
Event: 2.476 GC heap after
Heap after GC invocations=4 (full 0):
 PSYoungGen      total 35328K, used 2544K [0x00000000eb100000, 0x00000000ed600000, 0x0000000100000000)
  eden space 32768K, 0% used [0x00000000eb100000,0x00000000eb100000,0x00000000ed100000)
  from space 2560K, 99% used [0x00000000ed380000,0x00000000ed5fc030,0x00000000ed600000)
  to   space 2560K, 0% used [0x00000000ed100000,0x00000000ed100000,0x00000000ed380000)
 ParOldGen       total 44032K, used 5582K [0x00000000c1200000, 0x00000000c3d00000, 0x00000000eb100000)
  object space 44032K, 12% used [0x00000000c1200000,0x00000000c1773a88,0x00000000c3d00000)
 Metaspace       used 12081K, capacity 12230K, committed 12416K, reserved 1060864K
  class space    used 1539K, capacity 1605K, committed 1664K, reserved 1048576K
}
Event: 4.785 GC heap before
{Heap before GC invocations=5 (full 0):
 PSYoungGen      total 35328K, used 35312K [0x00000000eb100000, 0x00000000ed600000, 0x0000000100000000)
  eden space 32768K, 100% used [0x00000000eb100000,0x00000000ed100000,0x00000000ed100000)
  from space 2560K, 99% used [0x00000000ed380000,0x00000000ed5fc030,0x00000000ed600000)
  to   space 2560K, 0% used [0x00000000ed100000,0x00000000ed100000,0x00000000ed380000)
 ParOldGen       total 44032K, used 5582K [0x00000000c1200000, 0x00000000c3d00000, 0x00000000eb100000)
  object space 44032K, 12% used [0x00000000c1200000,0x00000000c1773a88,0x00000000c3d00000)
 Metaspace       used 14296K, capacity 14554K, committed 14720K, reserved 1062912K
  class space    used 1765K, capacity 1875K, committed 1920K, reserved 1048576K
Event: 4.810 GC heap after
Heap after GC invocations=5 (full 0):
 PSYoungGen      total 35328K, used 2544K [0x00000000eb100000, 0x00000000ed600000, 0x0000000100000000)
  eden space 32768K, 0% used [0x00000000eb100000,0x00000000eb100000,0x00000000ed100000)
  from space 2560K, 99% used [0x00000000ed100000,0x00000000ed37c010,0x00000000ed380000)
  to   space 2560K, 0% used [0x00000000ed380000,0x00000000ed380000,0x00000000ed600000)
 ParOldGen       total 44032K, used 10530K [0x00000000c1200000, 0x00000000c3d00000, 0x00000000eb100000)
  object space 44032K, 23% used [0x00000000c1200000,0x00000000c1c48890,0x00000000c3d00000)
 Metaspace       used 14296K, capacity 14554K, committed 14720K, reserved 1062912K
  class space    used 1765K, capacity 1875K, committed 1920K, reserved 1048576K
}

Deoptimization events (10 events):
Event: 3.211 Thread 0x0000000002d4e000 Uncommon trap: reason=unstable_if action=reinterpret pc=0x000000000335c920 method=java.util.HashMap.hash(Ljava/lang/Object;)I @ 1
Event: 3.211 Thread 0x0000000002d4e000 Uncommon trap: reason=unstable_if action=reinterpret pc=0x0000000003329d24 method=java.util.HashMap.hash(Ljava/lang/Object;)I @ 1
Event: 3.221 Thread 0x0000000002d4e000 Uncommon trap: reason=unstable_if action=reinterpret pc=0x00000000032e9828 method=java.util.HashMap.hash(Ljava/lang/Object;)I @ 1
Event: 3.411 Thread 0x0000000002d4e000 Uncommon trap: reason=null_check action=make_not_entrant pc=0x000000000356941c method=org.apache.maven.model.io.xpp3.MavenXpp3ReaderEx.checkFieldWithDuplicate(Lorg/codehaus/plexus/util/xml/pull/XmlPullParser;Ljava/lang/String;Ljava/lang/String;Ljava/util/S+öBw)@
Event: 4.290 Thread 0x0000000002d4e000 Uncommon trap: reason=unstable_if action=reinterpret pc=0x00000000035ccc68 method=java.lang.String.startsWith(Ljava/lang/String;I)Z @ 25
Event: 4.297 Thread 0x0000000002d4e000 Uncommon trap: reason=unstable_if action=reinterpret pc=0x00000000030ec6e8 method=java.lang.String.startsWith(Ljava/lang/String;I)Z @ 25
Event: 4.431 Thread 0x0000000002d4e000 Uncommon trap: reason=unstable_if action=reinterpret pc=0x00000000032ca238 method=org.codehaus.plexus.util.xml.pull.MXParser.nextImpl()I @ 879
Event: 4.512 Thread 0x0000000002d4e000 Uncommon trap: reason=unstable_if action=reinterpret pc=0x00000000034ea548 method=sun.nio.cs.UTF_8$Decoder.decode([BII[C)I @ 30
Event: 4.513 Thread 0x0000000002d4e000 Uncommon trap: reason=unstable_if action=reinterpret pc=0x000000000323fee4 method=sun.nio.cs.UTF_8$Decoder.decodeArrayLoop(Ljava/nio/ByteBuffer;Ljava/nio/CharBuffer;)Ljava/nio/charset/CoderResult; @ 84
Event: 4.717 Thread 0x0000000002d4e000 Uncommon trap: reason=unstable_if action=reinterpret pc=0x000000000334d900 method=java.lang.String.regionMatches(ZILjava/lang/String;II)Z @ 25

Internal exceptions (10 events):
Event: 2.818 Thread 0x0000000002d4e000 Exception <a 'java/lang/NullPointerException'> (0x00000000eb73f7e0) thrown at [D:\re\workspace\8-2-build-windows-amd64-cygwin\jdk8u40\2855\hotspot\src\share\vm\interpreter\linkResolver.cpp, line 1178]
Event: 2.818 Thread 0x0000000002d4e000 Exception <a 'java/lang/NullPointerException'> (0x00000000eb73f9a0) thrown at [D:\re\workspace\8-2-build-windows-amd64-cygwin\jdk8u40\2855\hotspot\src\share\vm\interpreter\linkResolver.cpp, line 1178]
Event: 2.818 Thread 0x0000000002d4e000 Exception <a 'java/lang/NullPointerException'> (0x00000000eb73fb60) thrown at [D:\re\workspace\8-2-build-windows-amd64-cygwin\jdk8u40\2855\hotspot\src\share\vm\interpreter\linkResolver.cpp, line 1178]
Event: 2.819 Thread 0x0000000002d4e000 Exception <a 'java/lang/NullPointerException'> (0x00000000eb756fb8) thrown at [D:\re\workspace\8-2-build-windows-amd64-cygwin\jdk8u40\2855\hotspot\src\share\vm\interpreter\linkResolver.cpp, line 1178]
Event: 2.819 Thread 0x0000000002d4e000 Exception <a 'java/lang/NullPointerException'> (0x00000000eb757178) thrown at [D:\re\workspace\8-2-build-windows-amd64-cygwin\jdk8u40\2855\hotspot\src\share\vm\interpreter\linkResolver.cpp, line 1178]
Event: 2.819 Thread 0x0000000002d4e000 Exception <a 'java/lang/NullPointerException'> (0x00000000eb757338) thrown at [D:\re\workspace\8-2-build-windows-amd64-cygwin\jdk8u40\2855\hotspot\src\share\vm\interpreter\linkResolver.cpp, line 1178]
Event: 3.211 Thread 0x0000000002d4e000 Implicit null exception at 0x000000000335c715 to 0x000000000335c911
Event: 3.211 Thread 0x0000000002d4e000 Implicit null exception at 0x000000000332973b to 0x0000000003329d09
Event: 3.221 Thread 0x0000000002d4e000 Implicit null exception at 0x00000000032e97af to 0x00000000032e9819
Event: 3.411 Thread 0x0000000002d4e000 Implicit null exception at 0x000000000356829c to 0x0000000003569405

Events (10 events):
Event: 4.854 loading class org/apache/maven/artifact/InvalidArtifactRTException
Event: 4.854 loading class org/apache/maven/artifact/InvalidArtifactRTException done
Event: 5.302 loading class org/apache/maven/artifact/versioning/Restriction
Event: 5.302 loading class org/apache/maven/artifact/versioning/Restriction done
Event: 5.330 loading class org/apache/maven/artifact/resolver/filter/ExcludesArtifactFilter
Event: 5.330 loading class org/apache/maven/artifact/resolver/filter/ExcludesArtifactFilter done
Event: 5.331 loading class org/apache/maven/artifact/resolver/filter/IncludesArtifactFilter
Event: 5.331 loading class org/apache/maven/artifact/resolver/filter/IncludesArtifactFilter done
Event: 5.434 loading class org/apache/maven/project/DefaultProjectBuildingResult
Event: 5.434 loading class org/apache/maven/project/DefaultProjectBuildingResult done


Dynamic libraries:
0x00007ff77b450000 - 0x00007ff77b487000 	C:\Program Files\Java\jdk1.8.0_40\bin\javaw.exe
0x00007ff825f30000 - 0x00007ff826111000 	C:\WINDOWS\SYSTEM32\ntdll.dll
0x00007ff8234b0000 - 0x00007ff823561000 	C:\WINDOWS\System32\KERNEL32.DLL
0x00007ff822580000 - 0x00007ff8227f3000 	C:\WINDOWS\System32\KERNELBASE.dll
0x00007ff825e50000 - 0x00007ff825ef1000 	C:\WINDOWS\System32\ADVAPI32.dll
0x00007ff825440000 - 0x00007ff8254de000 	C:\WINDOWS\System32\msvcrt.dll
0x00007ff825260000 - 0x00007ff8252bb000 	C:\WINDOWS\System32\sechost.dll
0x00007ff825540000 - 0x00007ff825664000 	C:\WINDOWS\System32\RPCRT4.dll
0x00007ff824c60000 - 0x00007ff824df0000 	C:\WINDOWS\System32\USER32.dll
0x00007ff822c40000 - 0x00007ff822c60000 	C:\WINDOWS\System32\win32u.dll
0x00007ff825130000 - 0x00007ff825158000 	C:\WINDOWS\System32\GDI32.dll
0x00007ff8228b0000 - 0x00007ff822a42000 	C:\WINDOWS\System32\gdi32full.dll
0x00007ff822380000 - 0x00007ff82241f000 	C:\WINDOWS\System32\msvcp_win.dll
0x00007ff822420000 - 0x00007ff822518000 	C:\WINDOWS\System32\ucrtbase.dll
0x00007ff8155b0000 - 0x00007ff815819000 	C:\WINDOWS\WinSxS\amd64_microsoft.windows.common-controls_6595b64144ccf1df_6.0.17134.706_none_fb43a2cb30647007\COMCTL32.dll
0x00007ff824e00000 - 0x00007ff825122000 	C:\WINDOWS\System32\combase.dll
0x00007ff822300000 - 0x00007ff82237a000 	C:\WINDOWS\System32\bcryptPrimitives.dll
0x00007ff825160000 - 0x00007ff82518d000 	C:\WINDOWS\System32\IMM32.DLL
0x0000000071ed0000 - 0x0000000071fa2000 	C:\Program Files\Java\jdk1.8.0_40\jre\bin\msvcr100.dll
0x00000000710d0000 - 0x0000000071953000 	C:\Program Files\Java\jdk1.8.0_40\jre\bin\server\jvm.dll
0x00007ff8234a0000 - 0x00007ff8234a8000 	C:\WINDOWS\System32\PSAPI.DLL
0x00007ff81f680000 - 0x00007ff81f6a3000 	C:\WINDOWS\SYSTEM32\WINMM.dll
0x00007ff815ed0000 - 0x00007ff815eda000 	C:\WINDOWS\SYSTEM32\VERSION.dll
0x00007ff820550000 - 0x00007ff820559000 	C:\WINDOWS\SYSTEM32\WSOCK32.dll
0x00007ff823700000 - 0x00007ff82376c000 	C:\WINDOWS\System32\WS2_32.dll
0x00007ff81f650000 - 0x00007ff81f67a000 	C:\WINDOWS\SYSTEM32\winmmbase.dll
0x00007ff822c60000 - 0x00007ff822ca9000 	C:\WINDOWS\System32\cfgmgr32.dll
0x0000000070fe0000 - 0x0000000070fef000 	C:\Program Files\Java\jdk1.8.0_40\jre\bin\verify.dll
0x0000000070fb0000 - 0x0000000070fd9000 	C:\Program Files\Java\jdk1.8.0_40\jre\bin\java.dll
0x0000000070f60000 - 0x0000000070f76000 	C:\Program Files\Java\jdk1.8.0_40\jre\bin\zip.dll
0x00007ff823770000 - 0x00007ff824bb0000 	C:\WINDOWS\System32\SHELL32.dll
0x00007ff824bb0000 - 0x00007ff824c59000 	C:\WINDOWS\System32\shcore.dll
0x00007ff822cb0000 - 0x00007ff8233bd000 	C:\WINDOWS\System32\windows.storage.dll
0x00007ff8233e0000 - 0x00007ff823431000 	C:\WINDOWS\System32\shlwapi.dll
0x00007ff8222e0000 - 0x00007ff8222f1000 	C:\WINDOWS\System32\kernel.appcore.dll
0x00007ff8222c0000 - 0x00007ff8222df000 	C:\WINDOWS\System32\profapi.dll
0x00007ff822270000 - 0x00007ff8222bc000 	C:\WINDOWS\System32\powrprof.dll
0x00007ff822260000 - 0x00007ff82226a000 	C:\WINDOWS\System32\FLTLIB.DLL
0x0000000072010000 - 0x000000007202a000 	C:\Program Files\Java\jdk1.8.0_40\jre\bin\net.dll
0x00007ff821a60000 - 0x00007ff821ac6000 	C:\WINDOWS\system32\mswsock.dll
0x0000000071ff0000 - 0x0000000072001000 	C:\Program Files\Java\jdk1.8.0_40\jre\bin\nio.dll
0x00007ff820330000 - 0x00007ff8204f9000 	C:\WINDOWS\SYSTEM32\dbghelp.dll

VM Arguments:
jvm_args: -Dmaven.home=EMBEDDED -Dclassworlds.conf=H:\Prep\.metadata\.plugins\org.eclipse.m2e.launching\launches\m2conf9198856395848480594.tmp -Dmaven.multiModuleProjectDirectory=H:\Prep\limits-services -Dfile.encoding=Cp1252 
java_command: org.codehaus.plexus.classworlds.launcher.Launcher -B install
java_class_path (initial): H:\eclipse\plugins\org.eclipse.m2e.maven.runtime_1.8.3.20180227-2135\jars\plexus-classworlds-2.5.2.jar
Launcher Type: SUN_STANDARD

Environment Variables:
JAVA_HOME=C:\Program Files\Java\jdk1.8.0_40
JRE_HOME=C:\Program Files\Java\jre1.8.0_40
PATH=C:/Program Files/Java/jdk1.8.0_40/bin/../jre/bin/server;C:/Program Files/Java/jdk1.8.0_40/bin/../jre/bin;C:/Program Files/Java/jdk1.8.0_40/bin/../jre/lib/amd64;C:\Program Files\apache-maven-3.5.0\bin;C:\Program Files (x86)\Skype\Phone\;C:\Program Files\Java\jdk1.8.0_40\bin;C:\Program Files\Java\jre1.8.0_40\bin;C:\Program Files\Git\cmd;C:\Program Files (x86)\Brackets\command;C:\WINDOWS\system32;C:\WINDOWS;C:\WINDOWS\System32\Wbem;C:\WINDOWS\System32\WindowsPowerShell\v1.0\;C:\Program Files\nodejs\;;C:\WINDOWS\System32\OpenSSH\;C:\Program Files\Microsoft SQL Server\Client SDK\ODBC\130\Tools\Binn\;C:\Program Files (x86)\Microsoft SQL Server\140\Tools\Binn\;C:\Program Files\Microsoft SQL Server\140\Tools\Binn\;C:\Program Files\Microsoft SQL Server\140\DTS\Binn\;C:\Program Files (x86)\Microsoft SQL Server\Client SDK\ODBC\130\Tools\Binn\;C:\Program Files (x86)\Microsoft SQL Server\140\DTS\Binn\;C:\Program Files (x86)\Microsoft SQL Server\140\Tools\Binn\ManagementStudio\;C:\Program Files\Java\jdk1.8.0_40;C:\Users\welcome\AppData\Local\Microsoft\WindowsApps;C:\Users\welcome\AppData\Roaming\npm;;H:\eclipse;
USERNAME=SreekanthReddy
OS=Windows_NT
PROCESSOR_IDENTIFIER=Intel64 Family 6 Model 61 Stepping 4, GenuineIntel



---------------  S Y S T E M  ---------------

OS: Windows 10.0 , 64 bit Build 17134 (10.0.17134.706)

CPU:total 4 (2 cores per cpu, 2 threads per core) family 6 model 61 stepping 4, cmov, cx8, fxsr, mmx, sse, sse2, sse3, ssse3, sse4.1, sse4.2, popcnt, clmul, erms, 3dnowpref, lzcnt, ht, tsc, tscinvbit

Memory: 4k page, physical 4113068k(363232k free), swap 6161068k(5120k free)

vm_info: Java HotSpot(TM) 64-Bit Server VM (25.40-b25) for windows-amd64 JRE (1.8.0_40-b25), built on Feb 10 2015 21:53:57 by "java_re" with MS VC++ 10.0 (VS2010)

time: Thu Apr 18 12:17:58 2019
elapsed time: 5 seconds (0d 0h 0m 5s)

